<?xml version="1.0" encoding="UTF-8"?>
<!-- Generated by org.testng.reporters.JUnitReportReporter -->
<testsuite hostname="IN-696XTN3" failures="0" tests="1" name="test.Test_example" time="1.980" errors="0" timestamp="2023-07-04T21:28:17 IST" skipped="0">
  <testcase classname="test.Test_example" name="test1" time="1.980"/>
  <system-out/>
</testsuite> <!-- test.Test_example -->
